2025-04-30 10:46:48,977 [INFO] Activator:176 - 


2025-04-30 10:46:48,985 [INFO] Activator:177 - !SESSION log4j initialized
2025-04-30 10:46:56,371 [INFO] LogOutputStream:77 - [STDOUT_REDIRECT] 
2025-04-30 10:46:57,455 [INFO] ApplicationProperties:184 - Using Application install path: C:\ST\STM32CubeIDE_1.18.1\STM32CubeIDE\plugins\com.st.stm32cube.common.mx_6.14.1.202504091515
2025-04-30 10:46:57,501 [INFO] DbMcusXml:78 - Set database path to: C:\ST\STM32CubeIDE_1.18.1\STM32CubeIDE\plugins\com.st.stm32cube.common.mx_6.14.1.202504091515\\db\/mcu/
2025-04-30 10:46:57,502 [INFO] ApiDb:274 - Set plugin database path to: C:\ST\STM32CubeIDE_1.18.1\STM32CubeIDE\plugins\com.st.stm32cube.common.mx_6.14.1.202504091515\\db\/plugins/boardmanager/
2025-04-30 10:46:57,502 [WARN] ApiDb:259 - Overriding images path with different value:  => C:\ST\STM32CubeIDE_1.18.1\STM32CubeIDE\plugins\com.st.stm32cube.common.mx_6.14.1.202504091515\\db\/plugins/mcufinder/images/
2025-04-30 10:46:57,514 [INFO] ApiDb:250 - Set database path to: C:\Users\wolfi\.stmcufinder\plugins\mcufinder//mcu/
2025-04-30 10:46:57,517 [INFO] DbMcusAds:125 - Set database path to: C:\Users\wolfi\.stmcufinder\plugins\mcufinder//mcu/
2025-04-30 10:46:57,524 [INFO] CrossReferenceDbSqlite:203 - Set database path to: C:\Users\wolfi\.stmcufinder\plugins\mcufinder//mcu/cs/
2025-04-30 10:46:57,796 [INFO] RulesReader:64 - Compatibility file has been processed (302 Rules)
2025-04-30 10:46:57,933 [INFO] DbMcusXml:78 - Set database path to: C:\ST\STM32CubeIDE_1.18.1\STM32CubeIDE\plugins\com.st.stm32cube.common.mx_6.14.1.202504091515\\db\/mcu/
2025-04-30 10:46:57,933 [INFO] ApiDb:274 - Set plugin database path to: C:\ST\STM32CubeIDE_1.18.1\STM32CubeIDE\plugins\com.st.stm32cube.common.mx_6.14.1.202504091515\\db\/plugins/boardmanager/
2025-04-30 10:46:57,933 [INFO] ApiDb:261 - Set plugin images path to: C:\ST\STM32CubeIDE_1.18.1\STM32CubeIDE\plugins\com.st.stm32cube.common.mx_6.14.1.202504091515\\db\/plugins/mcufinder/images/
2025-04-30 10:46:57,934 [WARN] DbFile:41 - Overriding database path with different value: C:\Users\wolfi\.stmcufinder\plugins\mcufinder/ => C:\Users\wolfi\.stmcufinder\plugins\mcufinder
2025-04-30 10:46:57,934 [INFO] ApiDb:250 - Set database path to: C:\Users\wolfi\.stmcufinder\plugins\mcufinder//mcu/
2025-04-30 10:46:57,934 [WARN] DbFile:41 - Overriding database path with different value: C:\Users\wolfi\.stmcufinder\plugins\mcufinder/ => C:\Users\wolfi\.stmcufinder\plugins\mcufinder
2025-04-30 10:46:57,934 [INFO] DbMcusAds:125 - Set database path to: C:\Users\wolfi\.stmcufinder\plugins\mcufinder//mcu/
2025-04-30 10:46:57,934 [WARN] DbFile:41 - Overriding database path with different value: C:\Users\wolfi\.stmcufinder\plugins\mcufinder/ => C:\Users\wolfi\.stmcufinder\plugins\mcufinder
2025-04-30 10:46:57,934 [WARN] DbFile:41 - Overriding database path with different value: C:\Users\wolfi\.stmcufinder\plugins\mcufinder/ => C:\Users\wolfi\.stmcufinder\plugins\mcufinder
2025-04-30 10:46:57,934 [INFO] CrossReferenceDbSqlite:203 - Set database path to: C:\Users\wolfi\.stmcufinder\plugins\mcufinder//mcu/cs/
2025-04-30 10:46:58,071 [INFO] MainPanel:272 - HeapMemory: 268435456
2025-04-30 10:46:58,315 [INFO] DbMcusXml:78 - Set database path to: C:\ST\STM32CubeIDE_1.18.1\STM32CubeIDE\plugins\com.st.stm32cube.common.mx_6.14.1.202504091515\\db\/mcu/
2025-04-30 10:46:58,315 [INFO] ApiDb:274 - Set plugin database path to: C:\ST\STM32CubeIDE_1.18.1\STM32CubeIDE\plugins\com.st.stm32cube.common.mx_6.14.1.202504091515\\db\/plugins/boardmanager/
2025-04-30 10:46:58,315 [INFO] ApiDb:261 - Set plugin images path to: C:\ST\STM32CubeIDE_1.18.1\STM32CubeIDE\plugins\com.st.stm32cube.common.mx_6.14.1.202504091515\\db\/plugins/mcufinder/images/
2025-04-30 10:46:58,316 [WARN] DbFile:41 - Overriding database path with different value: C:\Users\wolfi\.stmcufinder\plugins\mcufinder/ => C:\Users\wolfi\.stmcufinder\plugins\mcufinder
2025-04-30 10:46:58,316 [INFO] ApiDb:250 - Set database path to: C:\Users\wolfi\.stmcufinder\plugins\mcufinder//mcu/
2025-04-30 10:46:58,316 [WARN] DbFile:41 - Overriding database path with different value: C:\Users\wolfi\.stmcufinder\plugins\mcufinder/ => C:\Users\wolfi\.stmcufinder\plugins\mcufinder
2025-04-30 10:46:58,316 [INFO] DbMcusAds:125 - Set database path to: C:\Users\wolfi\.stmcufinder\plugins\mcufinder//mcu/
2025-04-30 10:46:58,316 [WARN] DbFile:41 - Overriding database path with different value: C:\Users\wolfi\.stmcufinder\plugins\mcufinder/ => C:\Users\wolfi\.stmcufinder\plugins\mcufinder
2025-04-30 10:46:58,316 [WARN] DbFile:41 - Overriding database path with different value: C:\Users\wolfi\.stmcufinder\plugins\mcufinder/ => C:\Users\wolfi\.stmcufinder\plugins\mcufinder
2025-04-30 10:46:58,316 [INFO] CrossReferenceDbSqlite:203 - Set database path to: C:\Users\wolfi\.stmcufinder\plugins\mcufinder//mcu/cs/
2025-04-30 10:46:58,344 [INFO] ApplicationProperties:184 - Using Application install path: C:\ST\STM32CubeIDE_1.18.1\STM32CubeIDE\plugins\com.st.stm32cube.common.mx_6.14.1.202504091515
2025-04-30 10:46:58,347 [INFO] PluginManage:196 - Search for loadable plugins [exclusion list=, ]
2025-04-30 10:46:58,349 [INFO] PluginManage:310 - Check plugin analytics
2025-04-30 10:46:58,638 [INFO] AnalyticsPlugin:253 - Accepted Software Licenses: STM32CubeMX.6.12.1
2025-04-30 10:46:58,638 [INFO] AnalyticsPlugin:255 - Accepted CMSIS Pack Licenses: 
2025-04-30 10:46:58,638 [INFO] AnalyticsPlugin:257 - Accepted Firmware Licenses: FW.L4.1.18.0
2025-04-30 10:46:58,642 [INFO] PluginManage:359 - Loaded plugin analytics (category:tool,tabindex:-1)
2025-04-30 10:46:58,643 [INFO] PluginManage:310 - Check plugin cadmodel
2025-04-30 10:46:58,649 [INFO] CADModel:105 - Init CAD model plugin
2025-04-30 10:46:58,649 [INFO] PluginManage:359 - Loaded plugin cadmodel (category:power,tabindex:5)
2025-04-30 10:46:58,649 [INFO] PluginManage:310 - Check plugin clock
2025-04-30 10:46:58,669 [INFO] PluginManage:359 - Loaded plugin clock (category:base,tabindex:2)
2025-04-30 10:46:58,669 [INFO] PluginManage:310 - Check plugin ddr
2025-04-30 10:46:58,671 [INFO] PluginManage:359 - Loaded plugin ddr (category:tool,tabindex:6)
2025-04-30 10:46:58,671 [INFO] PluginManage:310 - Check plugin filemanager
2025-04-30 10:46:58,857 [INFO] PluginManage:359 - Loaded plugin filemanager (category:base,tabindex:10)
2025-04-30 10:46:58,857 [INFO] PluginManage:310 - Check plugin ipmanager
2025-04-30 10:46:58,867 [INFO] PluginManage:359 - Loaded plugin ipmanager (category:base,tabindex:5)
2025-04-30 10:46:58,867 [INFO] PluginManage:310 - Check plugin lpbam
2025-04-30 10:46:58,875 [INFO] PluginManage:359 - Loaded plugin lpbam (category:base,tabindex:0)
2025-04-30 10:46:58,875 [INFO] PluginManage:310 - Check plugin memorymap
2025-04-30 10:46:58,908 [INFO] PluginManage:359 - Loaded plugin memorymap (category:base,tabindex:4)
2025-04-30 10:46:58,908 [INFO] PluginManage:310 - Check plugin pinoutandconfiguration
2025-04-30 10:46:58,923 [INFO] PluginManage:359 - Loaded plugin pinoutandconfiguration (category:base,tabindex:1)
2025-04-30 10:46:58,923 [INFO] PluginManage:310 - Check plugin pinoutconfig
2025-04-30 10:46:59,071 [WARN] SupportedApi:132 - Cannot load RTOS API schema: s4s-elt-must-match.1: The content of 'definitions' must match (annotation?, (simpleType | complexType)?, (unique | key | keyref)*)). A problem was found starting at: attribute.
2025-04-30 10:46:59,308 [INFO] PluginManage:359 - Loaded plugin pinoutconfig (category:base,tabindex:0)
2025-04-30 10:46:59,308 [INFO] PluginManage:310 - Check plugin power
2025-04-30 10:46:59,327 [INFO] PluginManage:359 - Loaded plugin power (category:power,tabindex:4)
2025-04-30 10:46:59,327 [INFO] PluginManage:310 - Check plugin projectmanager
2025-04-30 10:46:59,346 [INFO] PluginManage:359 - Loaded plugin projectmanager (category:projectmanager,tabindex:4)
2025-04-30 10:46:59,346 [INFO] PluginManage:310 - Check plugin rif
2025-04-30 10:46:59,358 [INFO] PluginManage:359 - Loaded plugin rif (category:base,tabindex:3)
2025-04-30 10:46:59,358 [INFO] PluginManage:310 - Check plugin thirdparty
2025-04-30 10:46:59,557 [INFO] PluginManage:359 - Loaded plugin thirdparty (category:base,tabindex:-1)
2025-04-30 10:46:59,557 [INFO] PluginManage:310 - Check plugin tools
2025-04-30 10:46:59,557 [WARN] IntegrityCheckThread:84 - waiting for thirdparty lock release [integrity check]
2025-04-30 10:46:59,557 [INFO] IntegrityCheckThread:86 - entering critical section [integrity check]
2025-04-30 10:46:59,557 [INFO] ThirdPartyUpdaterWithRetryManager:70 - Updater plugin not ready yet. [1/15]
2025-04-30 10:46:59,563 [INFO] PluginManage:359 - Loaded plugin tools (category:base,tabindex:7)
2025-04-30 10:46:59,563 [INFO] PluginManage:310 - Check plugin tutovideos
2025-04-30 10:46:59,865 [INFO] PluginManage:359 - Loaded plugin tutovideos (category:base,tabindex:-1)
2025-04-30 10:46:59,865 [INFO] PluginManage:310 - Check plugin updater
2025-04-30 10:46:59,898 [INFO] PluginManage:359 - Loaded plugin updater (category:base,tabindex:12)
2025-04-30 10:46:59,898 [INFO] PluginManage:310 - Check plugin userauth
2025-04-30 10:46:59,905 [INFO] UserAuth:118 - Init User Auth plugin
2025-04-30 10:46:59,907 [INFO] PluginManage:359 - Loaded plugin userauth (category:base,tabindex:14)
2025-04-30 10:46:59,908 [INFO] PluginManage:283 - PluginManage : Loaded plugins [18]
2025-04-30 10:47:00,226 [INFO] PinOutPanel:1589 - setPackage(No Configuration,No Configuration)
2025-04-30 10:47:00,329 [INFO] CADModel:165 - CPN selected for project level
2025-04-30 10:47:00,329 [INFO] CADModel:114 - Register for checkConnection events
2025-04-30 10:47:00,353 [INFO] IPUIPlugin:80 - create IPUIPlugin
2025-04-30 10:47:00,353 [INFO] PluginManager:220 - loadIPPluginJar : add adc
2025-04-30 10:47:00,357 [INFO] IPUIPlugin:80 - create IPUIPlugin
2025-04-30 10:47:00,357 [INFO] PluginManager:220 - loadIPPluginJar : add aes
2025-04-30 10:47:00,362 [INFO] IPUIPlugin:80 - create IPUIPlugin
2025-04-30 10:47:00,362 [INFO] PluginManager:220 - loadIPPluginJar : add can
2025-04-30 10:47:00,364 [INFO] IPUIPlugin:80 - create IPUIPlugin
2025-04-30 10:47:00,364 [INFO] PluginManager:220 - loadIPPluginJar : add comp
2025-04-30 10:47:00,370 [INFO] IPUIPlugin:80 - create IPUIPlugin
2025-04-30 10:47:00,370 [INFO] PluginManager:220 - loadIPPluginJar : add cryp
2025-04-30 10:47:00,375 [INFO] IPUIPlugin:80 - create IPUIPlugin
2025-04-30 10:47:00,375 [INFO] PluginManager:220 - loadIPPluginJar : add ddr_ctrl_phy
2025-04-30 10:47:00,378 [INFO] IPUIPlugin:80 - create IPUIPlugin
2025-04-30 10:47:00,378 [INFO] PluginManager:220 - loadIPPluginJar : add dfsdm
2025-04-30 10:47:00,389 [INFO] IPUIPlugin:80 - create IPUIPlugin
2025-04-30 10:47:00,389 [INFO] PluginManager:220 - loadIPPluginJar : add dma
2025-04-30 10:47:00,398 [INFO] IPUIPlugin:80 - create IPUIPlugin
2025-04-30 10:47:00,398 [INFO] PluginManager:220 - loadIPPluginJar : add dma3
2025-04-30 10:47:00,402 [INFO] IPUIPlugin:80 - create IPUIPlugin
2025-04-30 10:47:00,403 [INFO] PluginManager:220 - loadIPPluginJar : add extmemmanager
2025-04-30 10:47:00,406 [INFO] IPUIPlugin:80 - create IPUIPlugin
2025-04-30 10:47:00,406 [INFO] PluginManager:220 - loadIPPluginJar : add fatfs
2025-04-30 10:47:00,414 [INFO] IPUIPlugin:80 - create IPUIPlugin
2025-04-30 10:47:00,415 [INFO] PluginManager:220 - loadIPPluginJar : add fmc
2025-04-30 10:47:00,431 [INFO] IPUIPlugin:80 - create IPUIPlugin
2025-04-30 10:47:00,432 [INFO] PluginManager:220 - loadIPPluginJar : add freertos
2025-04-30 10:47:00,433 [INFO] IPUIPlugin:80 - create IPUIPlugin
2025-04-30 10:47:00,433 [INFO] PluginManager:220 - loadIPPluginJar : add genericplugin
2025-04-30 10:47:00,437 [INFO] IPUIPlugin:80 - create IPUIPlugin
2025-04-30 10:47:00,437 [INFO] PluginManager:220 - loadIPPluginJar : add gfxmmu
2025-04-30 10:47:00,443 [INFO] IPUIPlugin:80 - create IPUIPlugin
2025-04-30 10:47:00,443 [INFO] PluginManager:220 - loadIPPluginJar : add gic
2025-04-30 10:47:00,449 [INFO] IPUIPlugin:80 - create IPUIPlugin
2025-04-30 10:47:00,449 [INFO] PluginManager:220 - loadIPPluginJar : add gpio
2025-04-30 10:47:00,455 [INFO] IPUIPlugin:80 - create IPUIPlugin
2025-04-30 10:47:00,455 [INFO] PluginManager:220 - loadIPPluginJar : add gtzc
2025-04-30 10:47:00,461 [INFO] IPUIPlugin:80 - create IPUIPlugin
2025-04-30 10:47:00,461 [INFO] PluginManager:220 - loadIPPluginJar : add hash
2025-04-30 10:47:00,467 [INFO] IPUIPlugin:80 - create IPUIPlugin
2025-04-30 10:47:00,467 [INFO] PluginManager:220 - loadIPPluginJar : add i2c
2025-04-30 10:47:00,470 [INFO] IPUIPlugin:80 - create IPUIPlugin
2025-04-30 10:47:00,471 [INFO] PluginManager:220 - loadIPPluginJar : add i2s
2025-04-30 10:47:00,475 [INFO] IPUIPlugin:80 - create IPUIPlugin
2025-04-30 10:47:00,475 [INFO] PluginManager:220 - loadIPPluginJar : add i3c
2025-04-30 10:47:00,480 [INFO] IPUIPlugin:80 - create IPUIPlugin
2025-04-30 10:47:00,480 [INFO] PluginManager:220 - loadIPPluginJar : add ipddr
2025-04-30 10:47:00,488 [INFO] IPUIPlugin:80 - create IPUIPlugin
2025-04-30 10:47:00,488 [INFO] PluginManager:220 - loadIPPluginJar : add linkedlist
2025-04-30 10:47:00,497 [INFO] IPUIPlugin:80 - create IPUIPlugin
2025-04-30 10:47:00,497 [INFO] PluginManager:220 - loadIPPluginJar : add lorawan
2025-04-30 10:47:00,499 [INFO] IPUIPlugin:80 - create IPUIPlugin
2025-04-30 10:47:00,499 [INFO] PluginManager:220 - loadIPPluginJar : add ltdc
2025-04-30 10:47:00,507 [INFO] IPUIPlugin:80 - create IPUIPlugin
2025-04-30 10:47:00,507 [INFO] PluginManager:220 - loadIPPluginJar : add mdma
2025-04-30 10:47:00,512 [INFO] IPUIPlugin:80 - create IPUIPlugin
2025-04-30 10:47:00,512 [INFO] PluginManager:220 - loadIPPluginJar : add nvic
2025-04-30 10:47:00,516 [INFO] IPUIPlugin:80 - create IPUIPlugin
2025-04-30 10:47:00,516 [INFO] PluginManager:220 - loadIPPluginJar : add opamp
2025-04-30 10:47:00,521 [INFO] IPUIPlugin:80 - create IPUIPlugin
2025-04-30 10:47:00,521 [INFO] PluginManager:220 - loadIPPluginJar : add openamp
2025-04-30 10:47:00,529 [INFO] IPUIPlugin:80 - create IPUIPlugin
2025-04-30 10:47:00,530 [INFO] PluginManager:220 - loadIPPluginJar : add pdm2pcm
2025-04-30 10:47:00,541 [INFO] IPUIPlugin:80 - create IPUIPlugin
2025-04-30 10:47:00,550 [INFO] PluginManager:220 - loadIPPluginJar : add plateformsettings
2025-04-30 10:47:00,551 [INFO] IPUIPlugin:80 - create IPUIPlugin
2025-04-30 10:47:00,551 [INFO] PluginManager:220 - loadIPPluginJar : add quadspi
2025-04-30 10:47:00,555 [INFO] IPUIPlugin:80 - create IPUIPlugin
2025-04-30 10:47:00,555 [INFO] PluginManager:220 - loadIPPluginJar : add radio
2025-04-30 10:47:00,562 [INFO] IPUIPlugin:80 - create IPUIPlugin
2025-04-30 10:47:00,562 [INFO] PluginManager:220 - loadIPPluginJar : add resmgrutility
2025-04-30 10:47:00,571 [INFO] IPUIPlugin:80 - create IPUIPlugin
2025-04-30 10:47:00,571 [INFO] PluginManager:220 - loadIPPluginJar : add sai
2025-04-30 10:47:00,574 [INFO] IPUIPlugin:80 - create IPUIPlugin
2025-04-30 10:47:00,574 [INFO] PluginManager:220 - loadIPPluginJar : add spi
2025-04-30 10:47:00,581 [INFO] IPUIPlugin:80 - create IPUIPlugin
2025-04-30 10:47:00,582 [INFO] PluginManager:220 - loadIPPluginJar : add stm32_wpan
2025-04-30 10:47:00,585 [INFO] IPUIPlugin:80 - create IPUIPlugin
2025-04-30 10:47:00,585 [INFO] PluginManager:220 - loadIPPluginJar : add tim
2025-04-30 10:47:00,591 [INFO] IPUIPlugin:80 - create IPUIPlugin
2025-04-30 10:47:00,591 [INFO] PluginManager:220 - loadIPPluginJar : add touchsensing
2025-04-30 10:47:00,594 [INFO] IPUIPlugin:80 - create IPUIPlugin
2025-04-30 10:47:00,594 [INFO] PluginManager:220 - loadIPPluginJar : add tracer_emb
2025-04-30 10:47:00,599 [INFO] IPUIPlugin:80 - create IPUIPlugin
2025-04-30 10:47:00,599 [INFO] PluginManager:220 - loadIPPluginJar : add ts
2025-04-30 10:47:00,602 [INFO] IPUIPlugin:80 - create IPUIPlugin
2025-04-30 10:47:00,602 [INFO] PluginManager:220 - loadIPPluginJar : add tsc
2025-04-30 10:47:00,605 [INFO] IPUIPlugin:80 - create IPUIPlugin
2025-04-30 10:47:00,605 [INFO] PluginManager:220 - loadIPPluginJar : add ucpd
2025-04-30 10:47:00,609 [INFO] IPUIPlugin:80 - create IPUIPlugin
2025-04-30 10:47:00,609 [INFO] PluginManager:220 - loadIPPluginJar : add usart
2025-04-30 10:47:00,615 [INFO] IPUIPlugin:80 - create IPUIPlugin
2025-04-30 10:47:00,615 [INFO] PluginManager:220 - loadIPPluginJar : add usbx
2025-04-30 10:47:00,767 [FATAL] Updater:351 - Updater called before beeing initialized
2025-04-30 10:47:00,823 [INFO] RulesReader:64 - Compatibility file has been processed (302 Rules)
2025-04-30 10:47:00,835 [INFO] RulesReader:64 - Compatibility file has been processed (302 Rules)
2025-04-30 10:47:00,850 [INFO] CADModel:165 - CPN selected for project level
2025-04-30 10:47:00,850 [INFO] CADModel:114 - Register for checkConnection events
2025-04-30 10:47:00,850 [FATAL] Updater:351 - Updater called before beeing initialized
2025-04-30 10:47:00,850 [ERROR] CADModel:125 - Updater not yet initialized, retry later 
2025-04-30 10:47:01,066 [FATAL] Updater:351 - Updater called before beeing initialized
2025-04-30 10:47:01,069 [INFO] CADModel:165 - CPN selected for project level
2025-04-30 10:47:01,069 [INFO] CADModel:114 - Register for checkConnection events
2025-04-30 10:47:01,069 [FATAL] Updater:351 - Updater called before beeing initialized
2025-04-30 10:47:01,069 [ERROR] CADModel:125 - Updater not yet initialized, retry later 
2025-04-30 10:47:01,073 [FATAL] Updater:351 - Updater called before beeing initialized
2025-04-30 10:47:01,188 [FATAL] Updater:351 - Updater called before beeing initialized
2025-04-30 10:47:01,195 [INFO] DbMcusAds:53 - JSON generation date=Thu Mar 06 09:54:22 EST 2025 (1741272862204)
2025-04-30 10:47:01,195 [FATAL] Updater:351 - Updater called before beeing initialized
2025-04-30 10:47:01,253 [WARN] DetailPanel:346 - Failed to get advertising image, set to default
2025-04-30 10:47:01,539 [FATAL] Updater:351 - Updater called before beeing initialized
2025-04-30 10:47:01,546 [FATAL] Updater:351 - Updater called before beeing initialized
2025-04-30 10:47:01,546 [FATAL] Updater:351 - Updater called before beeing initialized
2025-04-30 10:47:01,546 [WARN] DetailPanel:346 - Failed to get advertising image, set to default
2025-04-30 10:47:01,547 [FATAL] Updater:351 - Updater called before beeing initialized
2025-04-30 10:47:01,603 [ERROR] Updater:1198 - MainUpdater not yet initialized. External WinMGr cannot be set.
2025-04-30 10:47:01,607 [INFO] Updater:1134 - Updater Version found : 6.14.1
2025-04-30 10:47:01,652 [INFO] ApplicationProperties:184 - Using Application install path: C:\ST\STM32CubeIDE_1.18.1\STM32CubeIDE\plugins\com.st.stm32cube.common.mx_6.14.1.202504091515
2025-04-30 10:47:02,559 [INFO] ThirdPartyUpdaterWithRetryManager:70 - Updater plugin not ready yet. [2/15]
2025-04-30 10:47:03,249 [ERROR] LogOutputStream:75 - [STDERR_REDIRECT] Apr 30, 2025 10:47:03 AM java.util.prefs.WindowsPreferences <init>
2025-04-30 10:47:03,256 [ERROR] LogOutputStream:75 - [STDERR_REDIRECT] WARNING: Could not open/create prefs root node Software\JavaSoft\Prefs at root 0xffffffff80000002. Windows RegCreateKeyEx(...) returned error code 5.
2025-04-30 10:47:03,257 [ERROR] LogOutputStream:75 - [STDERR_REDIRECT] 
2025-04-30 10:47:03,741 [INFO] MainUpdater:2872 - connection check result : 10
2025-04-30 10:47:03,742 [INFO] MainUpdater:289 - Updater Check For Update Now.
2025-04-30 10:47:03,742 [INFO] MicroXplorer:498 - Change Database Version : DB.6.0.141
2025-04-30 10:47:03,755 [INFO] McuFinderGlobals:63 - Set McuFinder mode to 2 (CubeIDE integrated)
2025-04-30 10:47:03,755 [INFO] UserAuth:484 - Internet connection configuration mode: 1
2025-04-30 10:47:03,801 [INFO] JxBrowserEngine:152 - Initiate JxBrowser Engine with user profile folder
2025-04-30 10:47:03,934 [INFO] CheckServerUpdateThread:120 - End of CheckServer Thread
2025-04-30 10:47:06,408 [WARN] PackLoader:240 - Cannot read IP mode file for STMicroelectronics.FP-SNS-MOTENVWB1.1.4.0
2025-04-30 10:47:06,427 [WARN] PackLoader:240 - Cannot read IP mode file for STMicroelectronics.FP-ATR-ASTRA1.2.0.2
2025-04-30 10:47:06,447 [WARN] PackLoader:240 - Cannot read IP mode file for STMicroelectronics.X-CUBE-SMBUS.2.1.0
2025-04-30 10:47:06,463 [WARN] PackLoader:240 - Cannot read IP mode file for STMicroelectronics.X-CUBE-WB05N.1.1.0
2025-04-30 10:47:06,529 [WARN] PackLoader:240 - Cannot read IP mode file for STMicroelectronics.X-CUBE-AZRTOS-F7.1.1.0
2025-04-30 10:47:06,694 [WARN] PackLoader:240 - Cannot read IP mode file for STMicroelectronics.X-CUBE-MEMS1.11.0.0
2025-04-30 10:47:06,909 [WARN] PackLoader:240 - Cannot read IP mode file for STMicroelectronics.FP-SNS-FLIGHT1.5.0.2
2025-04-30 10:47:06,926 [WARN] PackLoader:240 - Cannot read IP mode file for STMicroelectronics.X-CUBE-DISPLAY.3.0.0
2025-04-30 10:47:06,941 [WARN] PackLoader:240 - Cannot read IP mode file for STMicroelectronics.X-CUBE-BLE1.7.0.0
2025-04-30 10:47:06,953 [WARN] PackLoader:240 - Cannot read IP mode file for STMicroelectronics.X-CUBE-NFC10.1.0.0
2025-04-30 10:47:06,977 [WARN] PackLoader:240 - Cannot read IP mode file for STMicroelectronics.X-CUBE-BLEMGR.4.0.0
2025-04-30 10:47:06,991 [WARN] PackLoader:240 - Cannot read IP mode file for emotas.I-CUBE-CANOPEN.1.3.0
2025-04-30 10:47:06,999 [WARN] ConditionMgr:438 - getConditionDescription Invalid condition id : Cortex-A Device cause : null
2025-04-30 10:47:07,015 [WARN] ConditionMgr:1044 - genDependencies : Invalid condition id : Cortex-A Device cause : null
2025-04-30 10:47:07,015 [WARN] ConditionMgr:1044 - genDependencies : Invalid condition id : Cortex-A Device cause : null
2025-04-30 10:47:07,015 [WARN] ConditionMgr:1044 - genDependencies : Invalid condition id : Cortex-A Device cause : null
2025-04-30 10:47:07,025 [WARN] PackLoader:240 - Cannot read IP mode file for STMicroelectronics.X-CUBE-BLEMGR.3.1.0
2025-04-30 10:47:07,034 [WARN] PackLoader:240 - Cannot read IP mode file for STMicroelectronics.X-CUBE-AI.10.0.0
2025-04-30 10:47:07,041 [WARN] PackLoader:240 - Cannot read IP mode file for STMicroelectronics.FP-SNS-SMARTAG2.1.2.0
2025-04-30 10:47:07,046 [WARN] PackLoader:240 - Cannot read IP mode file for STMicroelectronics.FP-SNS-FLIGHT1.5.1.0
2025-04-30 10:47:07,058 [INFO] LogOutputStream:77 - [STDOUT_REDIRECT] 1 : Invalid condition id : UX_CORESTACK_Condition cause : null
2025-04-30 10:47:07,059 [INFO] LogOutputStream:77 - [STDOUT_REDIRECT] 1 : Invalid condition id : UX_CORESTACK_Condition cause : null
2025-04-30 10:47:07,061 [INFO] LogOutputStream:77 - [STDOUT_REDIRECT] 1 : Invalid condition id : UX_CORESTACK_Condition cause : null
2025-04-30 10:47:07,064 [INFO] LogOutputStream:77 - [STDOUT_REDIRECT] 1 : Invalid condition id : UX_CORESTACK_Condition cause : null
2025-04-30 10:47:07,066 [INFO] LogOutputStream:77 - [STDOUT_REDIRECT] 1 : Invalid condition id : UX_CORESTACK_Condition cause : null
2025-04-30 10:47:07,068 [WARN] PackLoader:240 - Cannot read IP mode file for STMicroelectronics.X-CUBE-AZRTOS-WL.2.0.0
2025-04-30 10:47:07,073 [WARN] PackLoader:240 - Cannot read IP mode file for STMicroelectronics.FP-SNS-MOTENV1.5.0.0
2025-04-30 10:47:07,080 [WARN] PackLoader:240 - Cannot read IP mode file for wolfSSL.I-CUBE-wolfMQTT.1.19.0
2025-04-30 10:47:07,089 [WARN] PackLoader:240 - Cannot read IP mode file for WES.I-CUBE-Cesium.1.3.0
2025-04-30 10:47:07,094 [WARN] PackLoader:240 - Cannot read IP mode file for STMicroelectronics.X-CUBE-BLE2.3.3.0
2025-04-30 10:47:07,102 [WARN] PackLoader:240 - Cannot read IP mode file for STMicroelectronics.X-CUBE-NFC9.1.0.0
2025-04-30 10:47:07,107 [WARN] PackLoader:240 - Cannot read IP mode file for STMicroelectronics.X-CUBE-BLE1.7.1.0
2025-04-30 10:47:07,113 [WARN] PackLoader:240 - Cannot read IP mode file for STMicroelectronics.X-CUBE-TCPP.4.1.0
2025-04-30 10:47:07,168 [WARN] PackLoader:240 - Cannot read IP mode file for STMicroelectronics.X-CUBE-MEMS1.11.2.0
2025-04-30 10:47:07,288 [WARN] PackLoader:240 - Cannot read IP mode file for STMicroelectronics.X-CUBE-AZRTOS-G0.1.1.0
2025-04-30 10:47:07,301 [WARN] PackLoader:240 - Cannot read IP mode file for STMicroelectronics.X-CUBE-SAFEA1.1.2.2
2025-04-30 10:47:07,307 [WARN] PackLoader:240 - Cannot read IP mode file for STMicroelectronics.X-CUBE-NFC4.3.0.0
2025-04-30 10:47:07,318 [WARN] PackLoader:240 - Cannot read IP mode file for EmbeddedOffice.I-CUBE-FS-RTOS.1.0.1
2025-04-30 10:47:07,324 [WARN] PackLoader:240 - Cannot read IP mode file for STMicroelectronics.X-CUBE-WB05N.2.0.0
2025-04-30 10:47:07,326 [INFO] WebApp:169 - Instantiating new browser for Auth
2025-04-30 10:47:07,330 [WARN] PackLoader:240 - Cannot read IP mode file for STMicroelectronics.X-CUBE-TCPP.4.2.0
2025-04-30 10:47:07,338 [WARN] PackLoader:240 - Cannot read IP mode file for RealThread.X-CUBE-RT-Thread_Nano.4.1.1
2025-04-30 10:47:07,345 [WARN] PackLoader:240 - Cannot read IP mode file for STMicroelectronics.FP-ATR-SIGFOX1.3.2.0
2025-04-30 10:47:07,361 [WARN] PackLoader:240 - Cannot read IP mode file for wolfSSL.I-CUBE-wolfSSL.5.7.2
2025-04-30 10:47:07,385 [WARN] PackLoader:240 - Cannot read IP mode file for STMicroelectronics.X-CUBE-EEPRMA1.5.1.0
2025-04-30 10:47:07,400 [WARN] PackLoader:240 - Cannot read IP mode file for ITTIA_DB.I-CUBE-ITTIADB.8.9.0
2025-04-30 10:47:07,454 [WARN] PackLoader:240 - Cannot read IP mode file for SEGGER.I-CUBE-embOS.1.3.1
2025-04-30 10:47:07,544 [WARN] PackLoader:240 - Cannot read IP mode file for STMicroelectronics.X-CUBE-ALGOBUILD.1.4.0
2025-04-30 10:47:07,550 [WARN] PackLoader:240 - Cannot read IP mode file for STMicroelectronics.X-CUBE-AI.9.1.0
2025-04-30 10:47:07,572 [WARN] PackLoader:240 - Cannot read IP mode file for STMicroelectronics.X-CUBE-AZRTOS-F4.1.1.0
2025-04-30 10:47:07,583 [WARN] PackLoader:240 - Cannot read IP mode file for Avnet-IotConnect.X-CUBE-IoTC-DA16k-PMOD.1.0.0
2025-04-30 10:47:07,590 [WARN] PackLoader:240 - Cannot read IP mode file for STMicroelectronics.X-CUBE-ISPU.2.1.0
2025-04-30 10:47:07,600 [WARN] PackLoader:240 - Cannot read IP mode file for STMicroelectronics.X-CUBE-FREERTOS.1.2.0
2025-04-30 10:47:07,624 [WARN] PackLoader:240 - Cannot read IP mode file for STMicroelectronics.X-CUBE-AZRTOS-L5.2.0.0
2025-04-30 10:47:07,637 [WARN] PackLoader:240 - Cannot read IP mode file for STMicroelectronics.X-CUBE-NFC6.3.1.0
2025-04-30 10:47:07,647 [WARN] PackLoader:240 - Cannot read IP mode file for STMicroelectronics.X-CUBE-DPower.1.2.0
2025-04-30 10:47:07,657 [WARN] PackLoader:240 - Cannot read IP mode file for STMicroelectronics.X-CUBE-FREERTOS.1.3.0
2025-04-30 10:47:07,665 [WARN] PackLoader:240 - Cannot read IP mode file for STMicroelectronics.X-CUBE-NFC7.1.0.1
2025-04-30 10:47:07,671 [WARN] PackLoader:240 - Cannot read IP mode file for STMicroelectronics.X-CUBE-DPower.1.3.0
2025-04-30 10:47:07,696 [WARN] ConditionMgr:438 - getConditionDescription Invalid condition id : LAN8742 Phy interface Condition cause : null
2025-04-30 10:47:07,697 [WARN] PackLoader:240 - Cannot read IP mode file for STMicroelectronics.X-CUBE-AZRTOS-L4.2.0.0
2025-04-30 10:47:07,699 [WARN] ConditionMgr:1044 - genDependencies : Invalid condition id : LAN8742 Phy interface Condition cause : null
2025-04-30 10:47:07,699 [WARN] ConditionMgr:1044 - genDependencies : Invalid condition id : LAN8742 Phy interface Condition cause : null
2025-04-30 10:47:07,700 [WARN] ConditionMgr:1044 - genDependencies : Invalid condition id : LAN8742 Phy interface Condition cause : null
2025-04-30 10:47:07,709 [WARN] PackLoader:240 - Cannot read IP mode file for STMicroelectronics.X-CUBE-SFXS2LP1.4.0.0
2025-04-30 10:47:07,731 [WARN] PackLoader:240 - Cannot read IP mode file for STMicroelectronics.X-CUBE-AZRTOS-H7.3.3.0
2025-04-30 10:47:07,745 [WARN] PackLoader:240 - Cannot read IP mode file for STMicroelectronics.X-CUBE-IPS.3.0.0
2025-04-30 10:47:07,759 [WARN] ConditionMgr:438 - getConditionDescription Invalid condition id : UX DEVICE CLASS RTOS Condition cause : null
2025-04-30 10:47:07,760 [WARN] ConditionMgr:438 - getConditionDescription Invalid condition id : UX DEVICE CLASS RTOS Condition cause : null
2025-04-30 10:47:07,761 [WARN] PackLoader:240 - Cannot read IP mode file for STMicroelectronics.X-CUBE-AZRTOS-WB.2.0.0
2025-04-30 10:47:07,762 [WARN] ConditionMgr:1044 - genDependencies : Invalid condition id : UX DEVICE CLASS RTOS Condition cause : null
2025-04-30 10:47:07,762 [WARN] ConditionMgr:1044 - genDependencies : Invalid condition id : UX DEVICE CLASS RTOS Condition cause : null
2025-04-30 10:47:07,762 [WARN] ConditionMgr:1044 - genDependencies : Invalid condition id : UX DEVICE CLASS RTOS Condition cause : null
2025-04-30 10:47:07,762 [WARN] ConditionMgr:1044 - genDependencies : Invalid condition id : UX DEVICE CLASS RTOS Condition cause : null
2025-04-30 10:47:07,762 [WARN] ConditionMgr:1044 - genDependencies : Invalid condition id : UX DEVICE CLASS RTOS Condition cause : null
2025-04-30 10:47:07,769 [WARN] PackLoader:240 - Cannot read IP mode file for STMicroelectronics.X-CUBE-GNSS1.7.0.0
2025-04-30 10:47:07,774 [WARN] PackLoader:240 - Cannot read IP mode file for STMicroelectronics.X-CUBE-GNSS1.7.0.1
2025-04-30 10:47:07,781 [WARN] PackLoader:240 - Cannot read IP mode file for STMicroelectronics.X-CUBE-TOUCHGFX.4.25.0
2025-04-30 10:47:07,787 [WARN] PackLoader:240 - Cannot read IP mode file for STMicroelectronics.FP-SNS-STBOX1.2.0.0
2025-04-30 10:47:07,797 [WARN] PackLoader:240 - Cannot read IP mode file for STMicroelectronics.X-CUBE-SUBG2.5.0.0
2025-04-30 10:47:07,816 [WARN] PackLoader:240 - Cannot read IP mode file for STMicroelectronics.X-CUBE-AZRTOS-H7RS.1.1.0
2025-04-30 10:47:07,822 [WARN] PackLoader:240 - Cannot read IP mode file for Cesanta.I-CUBE-Mongoose.7.13.0
2025-04-30 10:47:07,832 [WARN] PackLoader:240 - Cannot read IP mode file for STMicroelectronics.X-CUBE-AZRTOS-G4.2.0.0
2025-04-30 10:47:07,842 [WARN] PackLoader:240 - Cannot read IP mode file for STMicroelectronics.X-CUBE-IPS.3.1.0
2025-04-30 10:47:07,850 [WARN] PackLoader:240 - Cannot read IP mode file for STMicroelectronics.X-CUBE-ALS.1.0.2
2025-04-30 10:47:07,854 [WARN] PackLoader:240 - Cannot read IP mode file for STMicroelectronics.X-CUBE-TOUCHGFX.4.24.1
2025-04-30 10:47:07,858 [WARN] PackLoader:240 - Cannot read IP mode file for wolfSSL.I-CUBE-wolfTPM.3.4.0
2025-04-30 10:47:07,864 [WARN] PackLoader:240 - Cannot read IP mode file for portGmbH.I-Cube-SoM-uGOAL.1.1.0
2025-04-30 10:47:07,884 [WARN] PackLoader:240 - Cannot read IP mode file for STMicroelectronics.X-CUBE-AZRTOS-H7RS.1.0.0
2025-04-30 10:47:07,889 [WARN] PackLoader:240 - Cannot read IP mode file for STMicroelectronics.FP-ATR-ASTRA1.2.0.0
2025-04-30 10:47:07,898 [WARN] PackLoader:240 - Cannot read IP mode file for STMicroelectronics.X-CUBE-TOF1.3.4.2
2025-04-30 10:47:07,915 [WARN] PackLoader:240 - Cannot read IP mode file for STMicroelectronics.X-CUBE-TOF1.3.4.3
2025-04-30 10:47:07,950 [WARN] PackLoader:240 - Cannot read IP mode file for Infineon.AIROC-Wi-Fi-Bluetooth-STM32.1.6.1
2025-04-30 10:47:07,956 [WARN] PackLoader:240 - Cannot read IP mode file for wolfSSL.I-CUBE-wolfSSH.1.4.17
2025-04-30 10:47:07,957 [INFO] ThirdParty:978 - Integrity check success = true
2025-04-30 10:47:07,957 [INFO] IntegrityCheckThread:100 - exiting critical section [integrity check]
2025-04-30 10:47:07,957 [INFO] IntegrityCheckThread:103 - End integrity checks thread
2025-04-30 10:47:08,750 [INFO] WebApp:463 - Apply proxy settings
2025-04-30 10:47:08,757 [INFO] WebApp:508 - Chromium authenticates against Manually configured proxy
2025-04-30 10:47:08,771 [INFO] WebApp:516 - Username used for proxy authentication: 
2025-04-30 10:47:08,833 [INFO] WebApp:894 - Register for checkConnection events
2025-04-30 10:47:08,833 [INFO] WebApp:463 - Apply proxy settings
2025-04-30 10:47:08,839 [INFO] WebApp:508 - Chromium authenticates against Manually configured proxy
2025-04-30 10:47:08,841 [INFO] WebApp:516 - Username used for proxy authentication: 
2025-04-30 10:47:09,061 [INFO] WebApp:191 - Connection restablished
2025-04-30 10:47:09,277 [INFO] WebApp:225 - Starting web application
2025-04-30 10:47:09,279 [INFO] WebApp:593 - Web application path used C:\ST\STM32CubeIDE_1.18.1\STM32CubeIDE\plugins\com.st.stm32cube.common.mx_6.14.1.202504091515\db\plugins\mcufinder\reactClient1\index.html
2025-04-30 10:47:09,524 [INFO] UserAuth:484 - Internet connection configuration mode: 1
